# JRE version: OpenJDK Runtime Environment (8.0_171-b11) (build 1.8.0_171-8u171-b11-0ubuntu0.16.04.1-b11)
# Java VM: OpenJDK 64-Bit Server VM (25.171-b11 mixed mode linux-amd64 compressed oops)
Heap:
 PSYoungGen      total 251904K, used 13696K [0x00000000e0c00000, 0x00000000f1400000, 0x0000000100000000)
  eden space 233472K, 0% used [0x00000000e0c00000,0x00000000e0c00000,0x00000000ef000000)
  from space 18432K, 74% used [0x00000000ef000000,0x00000000efd60030,0x00000000f0200000)
  to   space 14336K, 0% used [0x00000000f0380000,0x00000000f0380000,0x00000000f1180000)
 ParOldGen       total 87552K, used 15734K [0x00000000a2400000, 0x00000000a7980000, 0x00000000e0c00000)
  object space 87552K, 17% used [0x00000000a2400000,0x00000000a335d918,0x00000000a7980000)
 Metaspace       used 34725K, capacity 35348K, committed 35496K, reserved 1079296K
  class space    used 4885K, capacity 5093K, committed 5120K, reserved 1048576K
GC Heap History (10 events):
Event: 5,380 GC heap after
Heap after GC invocations=3 (full 0):
 PSYoungGen      total 71680K, used 5104K [0x00000000e0c00000, 0x00000000e9800000, 0x0000000100000000)
  eden space 66560K, 0% used [0x00000000e0c00000,0x00000000e0c00000,0x00000000e4d00000)
  from space 5120K, 99% used [0x00000000e4d00000,0x00000000e51fc060,0x00000000e5200000)
  to   space 5120K, 0% used [0x00000000e9300000,0x00000000e9300000,0x00000000e9800000)
 ParOldGen       total 87552K, used 7755K [0x00000000a2400000, 0x00000000a7980000, 0x00000000e0c00000)
  object space 87552K, 8% used [0x00000000a2400000,0x00000000a2b92c50,0x00000000a7980000)
 Metaspace       used 20610K, capacity 20930K, committed 21120K, reserved 1067008K
  class space    used 2734K, capacity 2870K, committed 2944K, reserved 1048576K
}
Event: 5,457 GC heap before
{Heap before GC invocations=4 (full 0):
 PSYoungGen      total 71680K, used 7834K [0x00000000e0c00000, 0x00000000e9800000, 0x0000000100000000)
  eden space 66560K, 4% used [0x00000000e0c00000,0x00000000e0eaa9a8,0x00000000e4d00000)
  from space 5120K, 99% used [0x00000000e4d00000,0x00000000e51fc060,0x00000000e5200000)
  to   space 5120K, 0% used [0x00000000e9300000,0x00000000e9300000,0x00000000e9800000)
 ParOldGen       total 87552K, used 7755K [0x00000000a2400000, 0x00000000a7980000, 0x00000000e0c00000)
  object space 87552K, 8% used [0x00000000a2400000,0x00000000a2b92c50,0x00000000a7980000)
 Metaspace       used 20792K, capacity 21154K, committed 21296K, reserved 1067008K
  class space    used 2767K, capacity 2902K, committed 2944K, reserved 1048576K
Event: 5,474 GC heap after
Heap after GC invocations=4 (full 0):
 PSYoungGen      total 138240K, used 5104K [0x00000000e0c00000, 0x00000000e9800000, 0x0000000100000000)
  eden space 133120K, 0% used [0x00000000e0c00000,0x00000000e0c00000,0x00000000e8e00000)
  from space 5120K, 99% used [0x00000000e9300000,0x00000000e97fc020,0x00000000e9800000)
  to   space 5120K, 0% used [0x00000000e8e00000,0x00000000e8e00000,0x00000000e9300000)
 ParOldGen       total 87552K, used 7939K [0x00000000a2400000, 0x00000000a7980000, 0x00000000e0c00000)
  object space 87552K, 9% used [0x00000000a2400000,0x00000000a2bc0f98,0x00000000a7980000)
 Metaspace       used 20792K, capacity 21154K, committed 21296K, reserved 1067008K
  class space    used 2767K, capacity 2902K, committed 2944K, reserved 1048576K
}
Event: 5,474 GC heap before
{Heap before GC invocations=5 (full 1):
 PSYoungGen      total 138240K, used 5104K [0x00000000e0c00000, 0x00000000e9800000, 0x0000000100000000)
  eden space 133120K, 0% used [0x00000000e0c00000,0x00000000e0c00000,0x00000000e8e00000)
  from space 5120K, 99% used [0x00000000e9300000,0x00000000e97fc020,0x00000000e9800000)
  to   space 5120K, 0% used [0x00000000e8e00000,0x00000000e8e00000,0x00000000e9300000)
 ParOldGen       total 87552K, used 7939K [0x00000000a2400000, 0x00000000a7980000, 0x00000000e0c00000)
  object space 87552K, 9% used [0x00000000a2400000,0x00000000a2bc0f98,0x00000000a7980000)
 Metaspace       used 20792K, capacity 21154K, committed 21296K, reserved 1067008K
  class space    used 2767K, capacity 2902K, committed 2944K, reserved 1048576K
Event: 5,530 GC heap after
Heap after GC invocations=5 (full 1):
 PSYoungGen      total 138240K, used 0K [0x00000000e0c00000, 0x00000000e9800000, 0x0000000100000000)
  eden space 133120K, 0% used [0x00000000e0c00000,0x00000000e0c00000,0x00000000e8e00000)
  from space 5120K, 0% used [0x00000000e9300000,0x00000000e9300000,0x00000000e9800000)
  to   space 5120K, 0% used [0x00000000e8e00000,0x00000000e8e00000,0x00000000e9300000)
 ParOldGen       total 87552K, used 7219K [0x00000000a2400000, 0x00000000a7980000, 0x00000000e0c00000)
  object space 87552K, 8% used [0x00000000a2400000,0x00000000a2b0cda8,0x00000000a7980000)
 Metaspace       used 20792K, capacity 21154K, committed 21296K, reserved 1067008K
  class space    used 2767K, capacity 2902K, committed 2944K, reserved 1048576K
}
Event: 10,069 GC heap before
{Heap before GC invocations=6 (full 1):
 PSYoungGen      total 138240K, used 133120K [0x00000000e0c00000, 0x00000000e9800000, 0x0000000100000000)
  eden space 133120K, 100% used [0x00000000e0c00000,0x00000000e8e00000,0x00000000e8e00000)
  from space 5120K, 0% used [0x00000000e9300000,0x00000000e9300000,0x00000000e9800000)
  to   space 5120K, 0% used [0x00000000e8e00000,0x00000000e8e00000,0x00000000e9300000)
 ParOldGen       total 87552K, used 7219K [0x00000000a2400000, 0x00000000a7980000, 0x00000000e0c00000)
  object space 87552K, 8% used [0x00000000a2400000,0x00000000a2b0cda8,0x00000000a7980000)
 Metaspace       used 25866K, capacity 26398K, committed 26496K, reserved 1073152K
  class space    used 3547K, capacity 3681K, committed 3712K, reserved 1048576K
Event: 10,099 GC heap after
Heap after GC invocations=6 (full 1):
 PSYoungGen      total 138240K, used 5120K [0x00000000e0c00000, 0x00000000f1180000, 0x0000000100000000)
  eden space 133120K, 0% used [0x00000000e0c00000,0x00000000e0c00000,0x00000000e8e00000)
  from space 5120K, 100% used [0x00000000e8e00000,0x00000000e9300000,0x00000000e9300000)
  to   space 14336K, 0% used [0x00000000f0380000,0x00000000f0380000,0x00000000f1180000)
 ParOldGen       total 87552K, used 12948K [0x00000000a2400000, 0x00000000a7980000, 0x00000000e0c00000)
  object space 87552K, 14% used [0x00000000a2400000,0x00000000a30a5148,0x00000000a7980000)
 Metaspace       used 25866K, capacity 26398K, committed 26496K, reserved 1073152K
  class space    used 3547K, capacity 3681K, committed 3712K, reserved 1048576K
}
Event: 15,762 GC heap before
{Heap before GC invocations=7 (full 1):
 PSYoungGen      total 138240K, used 138240K [0x00000000e0c00000, 0x00000000f1180000, 0x0000000100000000)
  eden space 133120K, 100% used [0x00000000e0c00000,0x00000000e8e00000,0x00000000e8e00000)
  from space 5120K, 100% used [0x00000000e8e00000,0x00000000e9300000,0x00000000e9300000)
  to   space 14336K, 0% used [0x00000000f0380000,0x00000000f0380000,0x00000000f1180000)
 ParOldGen       total 87552K, used 12948K [0x00000000a2400000, 0x00000000a7980000, 0x00000000e0c00000)
  object space 87552K, 14% used [0x00000000a2400000,0x00000000a30a5148,0x00000000a7980000)
 Metaspace       used 31743K, capacity 32316K, committed 32640K, reserved 1077248K
  class space    used 4439K, capacity 4639K, committed 4736K, reserved 1048576K
Event: 15,795 GC heap after
Heap after GC invocations=7 (full 1):
 PSYoungGen      total 247808K, used 14314K [0x00000000e0c00000, 0x00000000f1400000, 0x0000000100000000)
  eden space 233472K, 0% used [0x00000000e0c00000,0x00000000e0c00000,0x00000000ef000000)
  from space 14336K, 99% used [0x00000000f0380000,0x00000000f117a9a8,0x00000000f1180000)
  to   space 18432K, 0% used [0x00000000ef000000,0x00000000ef000000,0x00000000f0200000)
 ParOldGen       total 87552K, used 15726K [0x00000000a2400000, 0x00000000a7980000, 0x00000000e0c00000)
  object space 87552K, 17% used [0x00000000a2400000,0x00000000a335b918,0x00000000a7980000)
 Metaspace       used 31743K, capacity 32316K, committed 32640K, reserved 1077248K
  class space    used 4439K, capacity 4639K, committed 4736K, reserved 1048576K
}
Event: 17,194 GC heap before
{Heap before GC invocations=8 (full 1):
 PSYoungGen      total 247808K, used 30606K [0x00000000e0c00000, 0x00000000f1400000, 0x0000000100000000)
  eden space 233472K, 6% used [0x00000000e0c00000,0x00000000e1be90f8,0x00000000ef000000)
  from space 14336K, 99% used [0x00000000f0380000,0x00000000f117a9a8,0x00000000f1180000)
  to   space 18432K, 0% used [0x00000000ef000000,0x00000000ef000000,0x00000000f0200000)
 ParOldGen       total 87552K, used 15726K [0x00000000a2400000, 0x00000000a7980000, 0x00000000e0c00000)
  object space 87552K, 17% used [0x00000000a2400000,0x00000000a335b918,0x00000000a7980000)
 Metaspace       used 34725K, capacity 35348K, committed 35496K, reserved 1079296K
  class space    used 4885K, capacity 5093K, committed 5120K, reserved 1048576K

